<?xml version="1.0" encoding="UTF-8"?>
<!-- Generated by org.testng.reporters.JUnitReportReporter -->
<testsuite hostname="DESKTOP-GQ48NM6" failures="0" tests="1" name="tests.crud.TestCreateBookingPost" time="2.927" errors="0" timestamp="2024-10-05T16:19:37 IST" skipped="0">
  <testcase classname="tests.crud.TestCreateBookingPost" name="testPost" time="2.927"/>
  <system-out/>
</testsuite> <!-- tests.crud.TestCreateBookingPost -->
