<?xml version="1.0" encoding="UTF-8"?>
<!-- Generated by org.testng.reporters.JUnitReportReporter -->
<testsuite hostname="DESKTOP-GQ48NM6" failures="0" tests="4" name="tests.Integration.TCIntegration" time="8.406" errors="0" timestamp="2024-10-09T15:40:16 IST" skipped="0">
  <testcase classname="tests.Integration.TCIntegration" name="testcreateBooking" time="4.556"/>
  <system-out/>
  <testcase classname="tests.Integration.TCIntegration" name="testGetRequest" time="1.334"/>
  <system-out/>
  <testcase classname="tests.Integration.TCIntegration" name="testUpdateBooking" time="1.307"/>
  <system-out/>
  <testcase classname="tests.Integration.TCIntegration" name="testDeleteBooking" time="1.209"/>
  <system-out/>
</testsuite> <!-- tests.Integration.TCIntegration -->
